<?xml version="1.0" encoding="UTF-8"?>
<!-- Generated by org.testng.reporters.JUnitReportReporter -->
<testsuite hostname="DESKTOP-CA1DFRK" failures="0" tests="1" name="POMTests.HomePageTest" time="1.897" errors="0" timestamp="2024-03-18T14:16:11 IST" skipped="0">
  <testcase classname="POMTests.HomePageTest" name="Home" time="1.897"/>
</testsuite> <!-- POMTests.HomePageTest -->
