<?xml version="1.0" encoding="UTF-8"?>
<!-- Generated by org.testng.reporters.JUnitReportReporter -->
<testsuite hostname="DESKTOP-CA1DFRK" failures="0" tests="1" name="POMTests.LoginTest" time="1.838" errors="0" timestamp="2024-03-18T12:00:43 IST" skipped="0">
  <testcase classname="POMTests.LoginTest" name="Login" time="1.838"/>
</testsuite> <!-- POMTests.LoginTest -->
